Using pre-set license
Built from '2020.3/china_unity/release' branch; Version is '2020.3.25f1c1 (fd09ccef852e) revision 16583116'; Using compiler version '192528614'; Build Type 'Release'
OS: 'Windows 11  (10.0.22621) 64bit CoreCountrySpecific' Language: 'zh' Physical Memory: 15789 MB
BatchMode: 1, IsHumanControllingUs: 0, StartBugReporterOnCrash: 0, Is64bit: 1, IsPro: 0

COMMAND LINE ARGUMENTS:
D:\Program Files\Unity\Hub\Editor\2020.3.25f1c1\Editor\Unity.exe
-adb2
-batchMode
-noUpm
-name
AssetImportWorker0
-projectPath
D:/Users/Lenovo/UnityDatas/Unity2301_Ture
-logFile
Logs/AssetImportWorker0.log
-srvPort
13727
Successfully changed project path to: D:/Users/Lenovo/UnityDatas/Unity2301_Ture
D:/Users/Lenovo/UnityDatas/Unity2301_Ture
Using Asset Import Pipeline V2.
AS: AutoStreaming module initializing.Refreshing native plugins compatible for Editor in 36.99 ms, found 2 plugins.
Preloading 0 native plugins for Editor in 0.00 ms.
Initialize engine version: 2020.3.25f1c1 (fd09ccef852e)
[Subsystems] Discovering subsystems at path D:/Program Files/Unity/Hub/Editor/2020.3.25f1c1/Editor/Data/Resources/UnitySubsystems
[Subsystems] Discovering subsystems at path D:/Users/Lenovo/UnityDatas/Unity2301_Ture/Assets
GfxDevice: creating device client; threaded=0
Direct3D:
    Version:  Direct3D 11.0 [level 11.1]
    Renderer: NVIDIA GeForce RTX 2060 (ID=0x1f15)
    Vendor:   
    VRAM:     5980 MB
    Driver:   31.0.15.1640
Initialize mono
Mono path[0] = 'D:/Program Files/Unity/Hub/Editor/2020.3.25f1c1/Editor/Data/Managed'
Mono path[1] = 'D:/Program Files/Unity/Hub/Editor/2020.3.25f1c1/Editor/Data/MonoBleedingEdge/lib/mono/unityjit'
Mono config path = 'D:/Program Files/Unity/Hub/Editor/2020.3.25f1c1/Editor/Data/MonoBleedingEdge/etc'
Using monoOptions --debugger-agent=transport=dt_socket,embedding=1,server=y,suspend=n,address=127.0.0.1:56656
Begin MonoManager ReloadAssembly
Registering precompiled unity dll's ...
Register platform support module: D:/Program Files/Unity/Hub/Editor/2020.3.25f1c1/Editor/Data/PlaybackEngines/WindowsStandaloneSupport/UnityEditor.WindowsStandalone.Extensions.dll
Registered in 0.000792 seconds.
Native extension for WindowsStandalone target not found
Refreshing native plugins compatible for Editor in 31.74 ms, found 2 plugins.
Preloading 0 native plugins for Editor in 0.00 ms.
Mono: successfully reloaded assembly
- Completed reload, in  0.529 seconds
Domain Reload Profiling:
	ReloadAssembly (529ms)
		BeginReloadAssembly (42ms)
			ExecutionOrderSort (0ms)
			DisableScriptedObjects (0ms)
			BackupInstance (0ms)
			ReleaseScriptingObjects (0ms)
			CreateAndSetChildDomain (1ms)
		EndReloadAssembly (419ms)
			LoadAssemblies (42ms)
			RebuildTransferFunctionScriptingTraits (0ms)
			SetupTypeCache (147ms)
			ReleaseScriptCaches (0ms)
			RebuildScriptCaches (27ms)
			SetupLoadedEditorAssemblies (154ms)
				LogAssemblyErrors (0ms)
				InitializePlatformSupportModulesInManaged (3ms)
				SetLoadedEditorAssemblies (0ms)
				RefreshPlugins (32ms)
				BeforeProcessingInitializeOnLoad (13ms)
				ProcessInitializeOnLoadAttributes (79ms)
				ProcessInitializeOnLoadMethodAttributes (27ms)
				AfterProcessingInitializeOnLoad (0ms)
				EditorAssembliesLoaded (0ms)
			ExecutionOrderSort2 (0ms)
			AwakeInstancesAfterBackupRestoration (0ms)
Platform modules already initialized, skipping
Registering precompiled user dll's ...
Registered in 0.002230 seconds.
Begin MonoManager ReloadAssembly
Native extension for WindowsStandalone target not found
Refreshing native plugins compatible for Editor in 0.40 ms, found 2 plugins.
Preloading 0 native plugins for Editor in 0.00 ms.
Mono: successfully reloaded assembly
- Completed reload, in  0.871 seconds
Domain Reload Profiling:
	ReloadAssembly (872ms)
		BeginReloadAssembly (132ms)
			ExecutionOrderSort (0ms)
			DisableScriptedObjects (4ms)
			BackupInstance (0ms)
			ReleaseScriptingObjects (0ms)
			CreateAndSetChildDomain (16ms)
		EndReloadAssembly (690ms)
			LoadAssemblies (70ms)
			RebuildTransferFunctionScriptingTraits (0ms)
			SetupTypeCache (245ms)
			ReleaseScriptCaches (0ms)
			RebuildScriptCaches (36ms)
			SetupLoadedEditorAssemblies (255ms)
				LogAssemblyErrors (0ms)
				InitializePlatformSupportModulesInManaged (4ms)
				SetLoadedEditorAssemblies (0ms)
				RefreshPlugins (0ms)
				BeforeProcessingInitializeOnLoad (77ms)
				ProcessInitializeOnLoadAttributes (163ms)
				ProcessInitializeOnLoadMethodAttributes (8ms)
				AfterProcessingInitializeOnLoad (2ms)
				EditorAssembliesLoaded (0ms)
			ExecutionOrderSort2 (0ms)
			AwakeInstancesAfterBackupRestoration (5ms)
Platform modules already initialized, skipping
========================================================================
Worker process is ready to serve import requests
Launched and connected shader compiler UnityShaderCompiler.exe after 0.06 seconds
Refreshing native plugins compatible for Editor in 0.36 ms, found 2 plugins.
Preloading 0 native plugins for Editor in 0.00 ms.
Unloading 1519 Unused Serialized files (Serialized files now loaded: 0)
System memory in use before: 72.2 MB.
System memory in use after: 72.3 MB.

Unloading 19 unused Assets to reduce memory usage. Loaded Objects now: 1953.
Total: 2.778700 ms (FindLiveObjects: 0.162000 ms CreateObjectMapping: 0.036000 ms MarkObjects: 2.512700 ms  DeleteObjects: 0.066600 ms)

AssetImportParameters requested are different than current active one (requested -> active):
  custom:framework-win-MediaFoundation: 216162199b28c13a410421893ffa2e32 -> 
  custom:video-decoder-ogg-theora: a1e56fd34408186e4bbccfd4996cb3dc -> 
  custom:container-muxer-webm: aa71ff27fc2769a1b78a27578f13a17b -> 
  custom:container-demuxer-webm: 4f35f7cbe854078d1ac9338744f61a02 -> 
  custom:container-demuxer-ogg: 62fdf1f143b41e24485cea50d1cbac27 -> 
  custom:video-encoder-webm-vp8: eb34c28f22e8b96e1ab97ce403110664 -> 
  custom:video-codec-MediaFoundation-h265: 746d11721c4dcdbdad8f713fa42b33f4 -> 
  custom:video-decoder-webm-vp8: 9c59270c3fd7afecdb556c50c9e8de78 -> 
  custom:audio-decoder-ogg-vorbis: bf7c407c2cedff20999df2af8eb42d56 -> 
  custom:audio-encoder-webm-vorbis: bf7c407c2cedff20999df2af8eb42d56 -> 
========================================================================
Received Import Request.
  path: Assets/上传个文本试试.cs
  artifactKey: Guid(20b2f7c7027554646bc25b75ec0f6876) Importer(815301076,1909f56bfc062723c751e8b465ee728b)
Start importing Assets/上传个文本试试.cs using Guid(20b2f7c7027554646bc25b75ec0f6876) Importer(815301076,1909f56bfc062723c751e8b465ee728b)  -> (artifact id: '4a74ade8d567949ef70d0ade88f7a48d') in 0.028961 seconds 
  Import took 0.032287 seconds .

========================================================================
Received Import Request.
  Time since last request: 332.757996 seconds.
  path: Assets/我的回合制游戏/擎天柱
  artifactKey: Guid(b80631b6280338d4da9b8854f50bfd66) Importer(815301076,1909f56bfc062723c751e8b465ee728b)
Start importing Assets/我的回合制游戏/擎天柱 using Guid(b80631b6280338d4da9b8854f50bfd66) Importer(815301076,1909f56bfc062723c751e8b465ee728b)  -> (artifact id: 'f78c7dc609ebcee6ebdfe574f95e2376') in 0.002889 seconds 
  Import took 0.005719 seconds .

========================================================================
Received Import Request.
  Time since last request: 0.309778 seconds.
  path: Assets/我的回合制游戏/威震天
  artifactKey: Guid(538c9158445735a419267acdb55b3cbd) Importer(815301076,1909f56bfc062723c751e8b465ee728b)
Start importing Assets/我的回合制游戏/威震天 using Guid(538c9158445735a419267acdb55b3cbd) Importer(815301076,1909f56bfc062723c751e8b465ee728b)  -> (artifact id: 'fe527d1af63058f3a9700794e05eaf87') in 0.002711 seconds 
  Import took 0.005660 seconds .

========================================================================
Received Import Request.
  Time since last request: 0.278952 seconds.
  path: Assets/我的回合制游戏/Prefabe
  artifactKey: Guid(37df279935ed40844a4b522694a96e8d) Importer(815301076,1909f56bfc062723c751e8b465ee728b)
Start importing Assets/我的回合制游戏/Prefabe using Guid(37df279935ed40844a4b522694a96e8d) Importer(815301076,1909f56bfc062723c751e8b465ee728b)  -> (artifact id: '380e6930bb071809990c1122bbb47e35') in 0.003241 seconds 
  Import took 0.006086 seconds .

========================================================================
Received Import Request.
  Time since last request: 0.323787 seconds.
  path: Assets/我的回合制游戏/Script
  artifactKey: Guid(70408447a5cf77745920d9e49b269996) Importer(815301076,1909f56bfc062723c751e8b465ee728b)
Start importing Assets/我的回合制游戏/Script using Guid(70408447a5cf77745920d9e49b269996) Importer(815301076,1909f56bfc062723c751e8b465ee728b)  -> (artifact id: '5d64c1287cc2eb6a9be29393ea181cd7') in 0.002999 seconds 
  Import took 0.006005 seconds .

========================================================================
Received Import Request.
  Time since last request: 0.446006 seconds.
  path: Assets/我的回合制游戏/Script/FightPrepare.cs
  artifactKey: Guid(f2b2338871044cc4ebe7190c65df6789) Importer(815301076,1909f56bfc062723c751e8b465ee728b)
Start importing Assets/我的回合制游戏/Script/FightPrepare.cs using Guid(f2b2338871044cc4ebe7190c65df6789) Importer(815301076,1909f56bfc062723c751e8b465ee728b)  -> (artifact id: 'ab799fa90cbc1067d6ab18d65f761884') in 0.002480 seconds 
  Import took 0.005102 seconds .

========================================================================
Received Import Request.
  Time since last request: 0.503467 seconds.
  path: Assets/我的回合制游戏/Script/Unit.cs
  artifactKey: Guid(c33ede324113f15459c53142f7726bf1) Importer(815301076,1909f56bfc062723c751e8b465ee728b)
Start importing Assets/我的回合制游戏/Script/Unit.cs using Guid(c33ede324113f15459c53142f7726bf1) Importer(815301076,1909f56bfc062723c751e8b465ee728b)  -> (artifact id: '1b2d16bb62e76a64158b8804bfc265ab') in 0.002823 seconds 
  Import took 0.005689 seconds .

========================================================================
Received Import Request.
  Time since last request: 2.244618 seconds.
  path: Assets/RobotFighting/Metrial/Bullet.mat
  artifactKey: Guid(f0da80f02d615ad4f9f9720d434fb34c) Importer(815301076,1909f56bfc062723c751e8b465ee728b)
Start importing Assets/RobotFighting/Metrial/Bullet.mat using Guid(f0da80f02d615ad4f9f9720d434fb34c) Importer(815301076,1909f56bfc062723c751e8b465ee728b)  -> (artifact id: 'd8d830814ea3c65db3a016cb6cb1db29') in 0.084516 seconds 
  Import took 0.087210 seconds .

========================================================================
Received Import Request.
  Time since last request: 0.000255 seconds.
  path: Assets/RobotFighting/Metrial/Gun.mat
  artifactKey: Guid(74e2649cf89ba9d44b7e65c97d24f438) Importer(815301076,1909f56bfc062723c751e8b465ee728b)
Start importing Assets/RobotFighting/Metrial/Gun.mat using Guid(74e2649cf89ba9d44b7e65c97d24f438) Importer(815301076,1909f56bfc062723c751e8b465ee728b)  -> (artifact id: '261e2ff2d55555354cfaa046c01a33f7') in 0.010622 seconds 
  Import took 0.013218 seconds .

========================================================================
Received Import Request.
  Time since last request: 0.000311 seconds.
  path: Assets/RobotFighting/Metrial/Ground.mat
  artifactKey: Guid(315b5d104f204024eaf1928a0377687f) Importer(815301076,1909f56bfc062723c751e8b465ee728b)
Start importing Assets/RobotFighting/Metrial/Ground.mat using Guid(315b5d104f204024eaf1928a0377687f) Importer(815301076,1909f56bfc062723c751e8b465ee728b)  -> (artifact id: 'd48bffe4df785a7d2ae132c8ec87f257') in 0.011911 seconds 
  Import took 0.014579 seconds .

========================================================================
Received Import Request.
  Time since last request: 0.000303 seconds.
  path: Assets/RobotFighting/白日梦/红蜘蛛/mdllv0&lob09002012_Hongzhizhu_skin_N/mdllv0&lob09002012_Hongzhizhu_skin_N.fbx
  artifactKey: Guid(7463a902f364ab54691f6d2f5538dca6) Importer(815301076,1909f56bfc062723c751e8b465ee728b)
Start importing Assets/RobotFighting/白日梦/红蜘蛛/mdllv0&lob09002012_Hongzhizhu_skin_N/mdllv0&lob09002012_Hongzhizhu_skin_N.fbx using Guid(7463a902f364ab54691f6d2f5538dca6) Importer(815301076,1909f56bfc062723c751e8b465ee728b)  -> (artifact id: '1e9792befe527346c10287d326571690') in 0.442516 seconds 
  Import took 0.446147 seconds .

========================================================================
Received Import Request.
  Time since last request: 0.000231 seconds.
  path: Assets/RobotFighting/白日梦/热破/mdllv0&lob09002009_Repo_skin_N/mdllv0&lob09002009_Repo_skin_N.fbx
  artifactKey: Guid(a433127d60d8315488c4af749baef8d3) Importer(815301076,1909f56bfc062723c751e8b465ee728b)
Start importing Assets/RobotFighting/白日梦/热破/mdllv0&lob09002009_Repo_skin_N/mdllv0&lob09002009_Repo_skin_N.fbx using Guid(a433127d60d8315488c4af749baef8d3) Importer(815301076,1909f56bfc062723c751e8b465ee728b)  -> (artifact id: '9c57a3b0642c12346ed6bfbdb30c6a74') in 0.148605 seconds 
  Import took 0.152339 seconds .

========================================================================
Received Import Request.
  Time since last request: 0.000257 seconds.
  path: Assets/RobotFighting/Metrial/Enemy.mat
  artifactKey: Guid(74541bd5b854f654e8b2e54856132ece) Importer(815301076,1909f56bfc062723c751e8b465ee728b)
Start importing Assets/RobotFighting/Metrial/Enemy.mat using Guid(74541bd5b854f654e8b2e54856132ece) Importer(815301076,1909f56bfc062723c751e8b465ee728b)  -> (artifact id: '05371cc82c38528a39dc4f0727e74af4') in 0.014737 seconds 
  Import took 0.018020 seconds .

========================================================================
Received Import Request.
  Time since last request: 0.000301 seconds.
  path: Assets/我的回合制游戏/Enemy.mat
  artifactKey: Guid(5702f57e2ba3c684e998879be8993a84) Importer(815301076,1909f56bfc062723c751e8b465ee728b)
Start importing Assets/我的回合制游戏/Enemy.mat using Guid(5702f57e2ba3c684e998879be8993a84) Importer(815301076,1909f56bfc062723c751e8b465ee728b)  -> (artifact id: '9d7d57cc237b29b3d96d8be61d120993') in 0.014276 seconds 
  Import took 0.018226 seconds .

========================================================================
Received Prepare
Registering precompiled user dll's ...
Registered in 0.003929 seconds.
Begin MonoManager ReloadAssembly
Native extension for WindowsStandalone target not found
Refreshing native plugins compatible for Editor in 0.49 ms, found 2 plugins.
Preloading 0 native plugins for Editor in 0.00 ms.
Mono: successfully reloaded assembly
- Completed reload, in  1.426 seconds
Domain Reload Profiling:
	ReloadAssembly (1427ms)
		BeginReloadAssembly (167ms)
			ExecutionOrderSort (0ms)
			DisableScriptedObjects (5ms)
			BackupInstance (0ms)
			ReleaseScriptingObjects (0ms)
			CreateAndSetChildDomain (75ms)
		EndReloadAssembly (1157ms)
			LoadAssemblies (114ms)
			RebuildTransferFunctionScriptingTraits (0ms)
			SetupTypeCache (421ms)
			ReleaseScriptCaches (1ms)
			RebuildScriptCaches (52ms)
			SetupLoadedEditorAssemblies (437ms)
				LogAssemblyErrors (0ms)
				InitializePlatformSupportModulesInManaged (4ms)
				SetLoadedEditorAssemblies (0ms)
				RefreshPlugins (1ms)
				BeforeProcessingInitializeOnLoad (143ms)
				ProcessInitializeOnLoadAttributes (271ms)
				ProcessInitializeOnLoadMethodAttributes (15ms)
				AfterProcessingInitializeOnLoad (3ms)
				EditorAssembliesLoaded (1ms)
			ExecutionOrderSort2 (0ms)
			AwakeInstancesAfterBackupRestoration (11ms)
Platform modules already initialized, skipping
Refreshing native plugins compatible for Editor in 0.53 ms, found 2 plugins.
Preloading 0 native plugins for Editor in 0.00 ms.
Unloading 1513 Unused Serialized files (Serialized files now loaded: 0)
System memory in use before: 89.0 MB.
System memory in use after: 89.1 MB.

Unloading 14 unused Assets to reduce memory usage. Loaded Objects now: 1999.
Total: 4.833400 ms (FindLiveObjects: 0.315600 ms CreateObjectMapping: 0.051800 ms MarkObjects: 4.429700 ms  DeleteObjects: 0.033800 ms)

AssetImportParameters requested are different than current active one (requested -> active):
  custom:framework-win-MediaFoundation: 216162199b28c13a410421893ffa2e32 -> 
  custom:video-decoder-ogg-theora: a1e56fd34408186e4bbccfd4996cb3dc -> 
  custom:container-muxer-webm: aa71ff27fc2769a1b78a27578f13a17b -> 
  custom:container-demuxer-webm: 4f35f7cbe854078d1ac9338744f61a02 -> 
  custom:container-demuxer-ogg: 62fdf1f143b41e24485cea50d1cbac27 -> 
  custom:video-encoder-webm-vp8: eb34c28f22e8b96e1ab97ce403110664 -> 
  custom:video-codec-MediaFoundation-h265: 746d11721c4dcdbdad8f713fa42b33f4 -> 
  custom:video-decoder-webm-vp8: 9c59270c3fd7afecdb556c50c9e8de78 -> 
  custom:audio-decoder-ogg-vorbis: bf7c407c2cedff20999df2af8eb42d56 -> 
  custom:audio-encoder-webm-vorbis: bf7c407c2cedff20999df2af8eb42d56 -> 
========================================================================
Received Import Request.
  Time since last request: 26.529044 seconds.
  path: Assets/我的回合制游戏/Script/FightPrepare.cs
  artifactKey: Guid(f2b2338871044cc4ebe7190c65df6789) Importer(815301076,1909f56bfc062723c751e8b465ee728b)
Start importing Assets/我的回合制游戏/Script/FightPrepare.cs using Guid(f2b2338871044cc4ebe7190c65df6789) Importer(815301076,1909f56bfc062723c751e8b465ee728b)  -> (artifact id: 'eb788eb46a5ee6e1f9123cb3df9e743b') in 0.012312 seconds 
  Import took 0.018173 seconds .

========================================================================
Received Prepare
Registering precompiled user dll's ...
Registered in 0.002535 seconds.
Begin MonoManager ReloadAssembly
Native extension for WindowsStandalone target not found
Refreshing native plugins compatible for Editor in 0.42 ms, found 2 plugins.
Preloading 0 native plugins for Editor in 0.00 ms.
Mono: successfully reloaded assembly
- Completed reload, in  0.982 seconds
Domain Reload Profiling:
	ReloadAssembly (983ms)
		BeginReloadAssembly (122ms)
			ExecutionOrderSort (0ms)
			DisableScriptedObjects (4ms)
			BackupInstance (0ms)
			ReleaseScriptingObjects (0ms)
			CreateAndSetChildDomain (34ms)
		EndReloadAssembly (786ms)
			LoadAssemblies (97ms)
			RebuildTransferFunctionScriptingTraits (0ms)
			SetupTypeCache (330ms)
			ReleaseScriptCaches (1ms)
			RebuildScriptCaches (36ms)
			SetupLoadedEditorAssemblies (249ms)
				LogAssemblyErrors (0ms)
				InitializePlatformSupportModulesInManaged (4ms)
				SetLoadedEditorAssemblies (0ms)
				RefreshPlugins (1ms)
				BeforeProcessingInitializeOnLoad (76ms)
				ProcessInitializeOnLoadAttributes (158ms)
				ProcessInitializeOnLoadMethodAttributes (8ms)
				AfterProcessingInitializeOnLoad (2ms)
				EditorAssembliesLoaded (0ms)
			ExecutionOrderSort2 (0ms)
			AwakeInstancesAfterBackupRestoration (6ms)
Platform modules already initialized, skipping
Refreshing native plugins compatible for Editor in 0.39 ms, found 2 plugins.
Preloading 0 native plugins for Editor in 0.00 ms.
Unloading 1513 Unused Serialized files (Serialized files now loaded: 0)
System memory in use before: 89.0 MB.
System memory in use after: 89.1 MB.

Unloading 14 unused Assets to reduce memory usage. Loaded Objects now: 2001.
Total: 2.629100 ms (FindLiveObjects: 0.157800 ms CreateObjectMapping: 0.035700 ms MarkObjects: 2.417900 ms  DeleteObjects: 0.016500 ms)

AssetImportParameters requested are different than current active one (requested -> active):
  custom:framework-win-MediaFoundation: 216162199b28c13a410421893ffa2e32 -> 
  custom:video-decoder-ogg-theora: a1e56fd34408186e4bbccfd4996cb3dc -> 
  custom:container-muxer-webm: aa71ff27fc2769a1b78a27578f13a17b -> 
  custom:container-demuxer-webm: 4f35f7cbe854078d1ac9338744f61a02 -> 
  custom:container-demuxer-ogg: 62fdf1f143b41e24485cea50d1cbac27 -> 
  custom:video-encoder-webm-vp8: eb34c28f22e8b96e1ab97ce403110664 -> 
  custom:video-codec-MediaFoundation-h265: 746d11721c4dcdbdad8f713fa42b33f4 -> 
  custom:video-decoder-webm-vp8: 9c59270c3fd7afecdb556c50c9e8de78 -> 
  custom:audio-decoder-ogg-vorbis: bf7c407c2cedff20999df2af8eb42d56 -> 
  custom:audio-encoder-webm-vorbis: bf7c407c2cedff20999df2af8eb42d56 -> 
========================================================================
Received Import Request.
  Time since last request: 32.745928 seconds.
  path: Assets/我的回合制游戏/Script/FightPrepare.cs
  artifactKey: Guid(f2b2338871044cc4ebe7190c65df6789) Importer(815301076,1909f56bfc062723c751e8b465ee728b)
Start importing Assets/我的回合制游戏/Script/FightPrepare.cs using Guid(f2b2338871044cc4ebe7190c65df6789) Importer(815301076,1909f56bfc062723c751e8b465ee728b)  -> (artifact id: 'f8ce478a339e0fafd01474f6cefaa5e1') in 0.005956 seconds 
  Import took 0.008869 seconds .

========================================================================
Received Prepare
Registering precompiled user dll's ...
Registered in 0.002968 seconds.
Begin MonoManager ReloadAssembly
Native extension for WindowsStandalone target not found
Refreshing native plugins compatible for Editor in 0.68 ms, found 2 plugins.
Preloading 0 native plugins for Editor in 0.00 ms.
Mono: successfully reloaded assembly
- Completed reload, in  0.991 seconds
Domain Reload Profiling:
	ReloadAssembly (992ms)
		BeginReloadAssembly (120ms)
			ExecutionOrderSort (0ms)
			DisableScriptedObjects (4ms)
			BackupInstance (0ms)
			ReleaseScriptingObjects (0ms)
			CreateAndSetChildDomain (40ms)
		EndReloadAssembly (800ms)
			LoadAssemblies (105ms)
			RebuildTransferFunctionScriptingTraits (0ms)
			SetupTypeCache (289ms)
			ReleaseScriptCaches (1ms)
			RebuildScriptCaches (40ms)
			SetupLoadedEditorAssemblies (269ms)
				LogAssemblyErrors (0ms)
				InitializePlatformSupportModulesInManaged (5ms)
				SetLoadedEditorAssemblies (1ms)
				RefreshPlugins (1ms)
				BeforeProcessingInitializeOnLoad (76ms)
				ProcessInitializeOnLoadAttributes (176ms)
				ProcessInitializeOnLoadMethodAttributes (8ms)
				AfterProcessingInitializeOnLoad (2ms)
				EditorAssembliesLoaded (0ms)
			ExecutionOrderSort2 (0ms)
			AwakeInstancesAfterBackupRestoration (6ms)
Platform modules already initialized, skipping
Refreshing native plugins compatible for Editor in 0.39 ms, found 2 plugins.
Preloading 0 native plugins for Editor in 0.00 ms.
Unloading 1513 Unused Serialized files (Serialized files now loaded: 0)
System memory in use before: 89.0 MB.
System memory in use after: 89.1 MB.

Unloading 14 unused Assets to reduce memory usage. Loaded Objects now: 2003.
Total: 2.654700 ms (FindLiveObjects: 0.148200 ms CreateObjectMapping: 0.035000 ms MarkObjects: 2.452400 ms  DeleteObjects: 0.017800 ms)

AssetImportParameters requested are different than current active one (requested -> active):
  custom:framework-win-MediaFoundation: 216162199b28c13a410421893ffa2e32 -> 
  custom:video-decoder-ogg-theora: a1e56fd34408186e4bbccfd4996cb3dc -> 
  custom:container-muxer-webm: aa71ff27fc2769a1b78a27578f13a17b -> 
  custom:container-demuxer-webm: 4f35f7cbe854078d1ac9338744f61a02 -> 
  custom:container-demuxer-ogg: 62fdf1f143b41e24485cea50d1cbac27 -> 
  custom:video-encoder-webm-vp8: eb34c28f22e8b96e1ab97ce403110664 -> 
  custom:video-codec-MediaFoundation-h265: 746d11721c4dcdbdad8f713fa42b33f4 -> 
  custom:video-decoder-webm-vp8: 9c59270c3fd7afecdb556c50c9e8de78 -> 
  custom:audio-decoder-ogg-vorbis: bf7c407c2cedff20999df2af8eb42d56 -> 
  custom:audio-encoder-webm-vorbis: bf7c407c2cedff20999df2af8eb42d56 -> 
========================================================================
Received Import Request.
  Time since last request: 5.032092 seconds.
  path: Assets/我的回合制游戏/Script/BattleSystem.cs
  artifactKey: Guid(46e8592a7c0659047b8c88555df1cf01) Importer(815301076,1909f56bfc062723c751e8b465ee728b)
Start importing Assets/我的回合制游戏/Script/BattleSystem.cs using Guid(46e8592a7c0659047b8c88555df1cf01) Importer(815301076,1909f56bfc062723c751e8b465ee728b)  -> (artifact id: '99e44c572e1718ab8b9107e1dbe60c63') in 0.004598 seconds 
  Import took 0.007249 seconds .

